<?xml version="1.0" encoding="UTF-8"?>
<!-- Generated by org.testng.reporters.JUnitXMLReporter -->
<testsuite ignored="0" hostname="IN-PG0352T2" failures="0" tests="2" name="Search Tests" time="0.689" errors="0" timestamp="2024-12-20T11:01:08 IST">
  <testcase classname="com.nagarro.base.BaseTest" name="@BeforeMethod beforeMethod" time="0.002">
    <failure type="java.lang.IllegalStateException" message="ExtentReports not initialized. Ensure @BeforeSuite has run successfully.">
      <![CDATA[java.lang.IllegalStateException: ExtentReports not initialized. Ensure @BeforeSuite has run successfully.
at com.nagarro.base.BaseTest.beforeMethod(BaseTest.java:101)
at java.base/java.util.ArrayList.forEach(ArrayList.java:1511)
... Removed 29 stack frames]]>
    </failure>
  </testcase> <!-- @BeforeMethod beforeMethod -->
  <testcase classname="com.nagarro.base.BaseTest" name="@BeforeMethod initializeDriver" time="0.0">
    <skipped/>
  </testcase> <!-- @BeforeMethod initializeDriver -->
  <testcase classname="com.nagarro.base.BaseTest" name="@AfterMethod tearDown" time="0.0">
    <skipped/>
  </testcase> <!-- @AfterMethod tearDown -->
  <testcase classname="com.nagarro.base.BaseTest" name="@BeforeMethod beforeMethod" time="0.0">
    <skipped/>
  </testcase> <!-- @BeforeMethod beforeMethod -->
  <testcase classname="com.nagarro.base.BaseTest" name="@BeforeMethod initializeDriver" time="0.0">
    <skipped/>
  </testcase> <!-- @BeforeMethod initializeDriver -->
  <testcase classname="com.nagarro.base.BaseTest" name="@AfterMethod tearDown" time="0.0">
    <skipped/>
  </testcase> <!-- @AfterMethod tearDown -->
  <testcase classname="com.nagarro.tests.SearchTest" name="testInvalidSearchProduct" time="0.0">
    <skipped/>
  </testcase> <!-- testInvalidSearchProduct -->
  <testcase classname="com.nagarro.tests.SearchTest" name="testSearchProduct" time="0.0">
    <skipped/>
  </testcase> <!-- testSearchProduct -->
</testsuite> <!-- Search Tests -->
